Determining if the pthread_create exist failed with the following output:
Change Dir: /home/babchol/catkin_ws/src/gdyn-gazebo-tutorial/build_a_robot/gazebo_animatedbox_tutorial/build/CMakeFiles/CMakeTmp

Run Build Command:"/usr/bin/make" "cmTC_b625a/fast"
/usr/bin/make -f CMakeFiles/cmTC_b625a.dir/build.make CMakeFiles/cmTC_b625a.dir/build
make[1]: Entering directory '/home/babchol/catkin_ws/src/gdyn-gazebo-tutorial/build_a_robot/gazebo_animatedbox_tutorial/build/CMakeFiles/CMakeTmp'
Building C object CMakeFiles/cmTC_b625a.dir/CheckSymbolExists.c.o
/usr/bin/cc     -o CMakeFiles/cmTC_b625a.dir/CheckSymbolExists.c.o   -c /home/babchol/catkin_ws/src/gdyn-gazebo-tutorial/build_a_robot/gazebo_animatedbox_tutorial/build/CMakeFiles/CMakeTmp/CheckSymbolExists.c
Linking C executable cmTC_b625a
/usr/bin/cmake -E cmake_link_script CMakeFiles/cmTC_b625a.dir/link.txt --verbose=1
/usr/bin/cc       CMakeFiles/cmTC_b625a.dir/CheckSymbolExists.c.o  -o cmTC_b625a -rdynamic 
CMakeFiles/cmTC_b625a.dir/CheckSymbolExists.c.o: In function `main':
CheckSymbolExists.c:(.text+0x16): undefined reference to `pthread_create'
collect2: error: ld returned 1 exit status
CMakeFiles/cmTC_b625a.dir/build.make:97: recipe for target 'cmTC_b625a' failed
make[1]: *** [cmTC_b625a] Error 1
make[1]: Leaving directory '/home/babchol/catkin_ws/src/gdyn-gazebo-tutorial/build_a_robot/gazebo_animatedbox_tutorial/build/CMakeFiles/CMakeTmp'
Makefile:126: recipe for target 'cmTC_b625a/fast' failed
make: *** [cmTC_b625a/fast] Error 2

File /home/babchol/catkin_ws/src/gdyn-gazebo-tutorial/build_a_robot/gazebo_animatedbox_tutorial/build/CMakeFiles/CMakeTmp/CheckSymbolExists.c:
/* */
#include <pthread.h>

int main(int argc, char** argv)
{
  (void)argv;
#ifndef pthread_create
  return ((int*)(&pthread_create))[argc];
#else
  (void)argc;
  return 0;
#endif
}

Determining if the function pthread_create exists in the pthreads failed with the following output:
Change Dir: /home/babchol/catkin_ws/src/gdyn-gazebo-tutorial/build_a_robot/gazebo_animatedbox_tutorial/build/CMakeFiles/CMakeTmp

Run Build Command:"/usr/bin/make" "cmTC_15274/fast"
/usr/bin/make -f CMakeFiles/cmTC_15274.dir/build.make CMakeFiles/cmTC_15274.dir/build
make[1]: Entering directory '/home/babchol/catkin_ws/src/gdyn-gazebo-tutorial/build_a_robot/gazebo_animatedbox_tutorial/build/CMakeFiles/CMakeTmp'
Building C object CMakeFiles/cmTC_15274.dir/CheckFunctionExists.c.o
/usr/bin/cc    -DCHECK_FUNCTION_EXISTS=pthread_create   -o CMakeFiles/cmTC_15274.dir/CheckFunctionExists.c.o   -c /usr/share/cmake-3.5/Modules/CheckFunctionExists.c
Linking C executable cmTC_15274
/usr/bin/cmake -E cmake_link_script CMakeFiles/cmTC_15274.dir/link.txt --verbose=1
/usr/bin/cc   -DCHECK_FUNCTION_EXISTS=pthread_create    CMakeFiles/cmTC_15274.dir/CheckFunctionExists.c.o  -o cmTC_15274 -rdynamic -lpthreads 
/usr/bin/ld: cannot find -lpthreads
collect2: error: ld returned 1 exit status
CMakeFiles/cmTC_15274.dir/build.make:97: recipe for target 'cmTC_15274' failed
make[1]: *** [cmTC_15274] Error 1
make[1]: Leaving directory '/home/babchol/catkin_ws/src/gdyn-gazebo-tutorial/build_a_robot/gazebo_animatedbox_tutorial/build/CMakeFiles/CMakeTmp'
Makefile:126: recipe for target 'cmTC_15274/fast' failed
make: *** [cmTC_15274/fast] Error 2


